<?xml version="1.0" encoding="UTF-8"?>
<testsuite xmlns:xsi="http://www.w3.org/2001/XMLSchema-instance" xsi:noNamespaceSchemaLocation="https://maven.apache.org/surefire/maven-surefire-plugin/xsd/surefire-test-report.xsd" version="3.0.2" name="com.SwitchBoard.PortfolioService.PortfolioServiceApplicationTests" time="15.77" tests="1" errors="0" skipped="0" failures="0">
  <properties>
[...]
</properties>
  <testcase name="contextLoads" classname="com.SwitchBoard.PortfolioService.PortfolioServiceApplicationTests" time="0.667">
    <system-out><![CDATA[Standard Commons Logging discovery in action with spring-jcl: please remove commons-logging.jar from classpath in order to avoid potential conflicts
19:53:40.548 [main] INFO org.springframework.test.context.support.AnnotationConfigContextLoaderUtils -- Could not detect default configuration classes for test class [com.SwitchBoard.PortfolioService.PortfolioServiceApplicationTests]: PortfolioServiceApplicationTests does not declare any static, non-private, non-final, nested classes annotated with @Configuration.
19:53:40.801 [main] INFO org.springframework.boot.test.context.SpringBootTestContextBootstrapper -- Found @SpringBootConfiguration com.SwitchBoard.PortfolioService.PortfolioServiceApplication for test class com.SwitchBoard.PortfolioService.PortfolioServiceApplicationTests

  .   ____          _            __ _ _
 /\\ / ___'_ __ _ _(_)_ __  __ _ \ \ \ \
( ( )\___ | '_ | '_| | '_ \/ _` | \ \ \ \
 \\/  ___)| |_)| | | | | || (_| |  ) ) ) )
  '  |____| .__|_| |_|_| |_\__, | / / / /
 =========|_|==============|___/=/_/_/_/

 :: Spring Boot ::                (v3.5.5)

2025-10-13T19:53:41.805+05:30  INFO 19116 --- [PortfolioService] [           main] c.S.P.PortfolioServiceApplicationTests   : Starting PortfolioServiceApplicationTests using Java 23.0.1 with PID 19116 (started by Admin in C:\Users\Admin\OneDrive\Desktop\Project\SwitchBoard\PortfolioService\PortfolioService)
2025-10-13T19:53:41.805+05:30  INFO 19116 --- [PortfolioService] [           main] c.S.P.PortfolioServiceApplicationTests   : No active profile set, falling back to 1 default profile: "default"
2025-10-13T19:53:43.582+05:30  INFO 19116 --- [PortfolioService] [           main] .s.d.r.c.RepositoryConfigurationDelegate : Bootstrapping Spring Data JPA repositories in DEFAULT mode.
2025-10-13T19:53:43.737+05:30  INFO 19116 --- [PortfolioService] [           main] .s.d.r.c.RepositoryConfigurationDelegate : Finished Spring Data repository scanning in 128 ms. Found 7 JPA repository interfaces.
2025-10-13T19:53:44.756+05:30  INFO 19116 --- [PortfolioService] [           main] o.hibernate.jpa.internal.util.LogHelper  : HHH000204: Processing PersistenceUnitInfo [name: default]
2025-10-13T19:53:44.881+05:30  INFO 19116 --- [PortfolioService] [           main] org.hibernate.Version                    : HHH000412: Hibernate ORM core version 6.6.26.Final
2025-10-13T19:53:44.939+05:30  INFO 19116 --- [PortfolioService] [           main] o.h.c.internal.RegionFactoryInitiator    : HHH000026: Second-level cache disabled
2025-10-13T19:53:45.540+05:30  INFO 19116 --- [PortfolioService] [           main] o.s.o.j.p.SpringPersistenceUnitInfo      : No LoadTimeWeaver setup: ignoring JPA class transformer
2025-10-13T19:53:45.575+05:30  INFO 19116 --- [PortfolioService] [           main] com.zaxxer.hikari.HikariDataSource       : HikariPool-1 - Starting...
2025-10-13T19:53:45.918+05:30  INFO 19116 --- [PortfolioService] [           main] com.zaxxer.hikari.pool.HikariPool        : HikariPool-1 - Added connection org.postgresql.jdbc.PgConnection@7827d7b
2025-10-13T19:53:45.920+05:30  INFO 19116 --- [PortfolioService] [           main] com.zaxxer.hikari.HikariDataSource       : HikariPool-1 - Start completed.
2025-10-13T19:53:46.000+05:30  WARN 19116 --- [PortfolioService] [           main] org.hibernate.orm.deprecation            : HHH90000025: PostgreSQLDialect does not need to be specified explicitly using 'hibernate.dialect' (remove the property setting and it will be selected by default)
2025-10-13T19:53:46.051+05:30  INFO 19116 --- [PortfolioService] [           main] org.hibernate.orm.connections.pooling    : HHH10001005: Database info:
	Database JDBC URL [Connecting through datasource 'HikariDataSource (HikariPool-1)']
	Database driver: undefined/unknown
	Database version: 17.6
	Autocommit mode: undefined/unknown
	Isolation level: undefined/unknown
	Minimum pool size: undefined/unknown
	Maximum pool size: undefined/unknown
2025-10-13T19:53:48.803+05:30  INFO 19116 --- [PortfolioService] [           main] o.h.e.t.j.p.i.JtaPlatformInitiator       : HHH000489: No JTA platform available (set 'hibernate.transaction.jta.platform' to enable JTA platform integration)
2025-10-13T19:53:49.694+05:30  INFO 19116 --- [PortfolioService] [           main] j.LocalContainerEntityManagerFactoryBean : Initialized JPA EntityManagerFactory for persistence unit 'default'
2025-10-13T19:53:53.641+05:30  WARN 19116 --- [PortfolioService] [           main] JpaBaseConfiguration$JpaWebConfiguration : spring.jpa.open-in-view is enabled by default. Therefore, database queries may be performed during view rendering. Explicitly configure spring.jpa.open-in-view to disable this warning
2025-10-13T19:53:54.888+05:30  WARN 19116 --- [PortfolioService] [           main] .s.s.UserDetailsServiceAutoConfiguration : 

Using generated security password: aaef478a-f293-4ed4-828c-634da186fdd5

This generated password is for development use only. Your security configuration must be updated before running your application in production.

2025-10-13T19:53:54.908+05:30  INFO 19116 --- [PortfolioService] [           main] r$InitializeUserDetailsManagerConfigurer : Global AuthenticationManager configured with UserDetailsService bean with name inMemoryUserDetailsManager
2025-10-13T19:53:55.291+05:30  INFO 19116 --- [PortfolioService] [           main] c.S.P.PortfolioServiceApplicationTests   : Started PortfolioServiceApplicationTests in 14.027 seconds (process running for 16.109)
]]></system-out>
    <system-err><![CDATA[Mockito is currently self-attaching to enable the inline-mock-maker. This will no longer work in future releases of the JDK. Please add Mockito as an agent to your build as described in Mockito's documentation: https://javadoc.io/doc/org.mockito/mockito-core/latest/org.mockito/org/mockito/Mockito.html#0.3
WARNING: A Java agent has been loaded dynamically (C:\Users\Admin\.m2\repository\net\bytebuddy\byte-buddy-agent\1.17.7\byte-buddy-agent-1.17.7.jar)
WARNING: If a serviceability tool is in use, please run with -XX:+EnableDynamicAgentLoading to hide this warning
WARNING: If a serviceability tool is not in use, please run with -Djdk.instrument.traceUsage for more information
WARNING: Dynamic loading of agents will be disallowed by default in a future release
]]></system-err>
  </testcase>
</testsuite>